<?xml version="1.0" encoding="UTF-8"?>
<!-- Generated by org.testng.reporters.JUnitXMLReporter -->
<testsuite ignored="0" hostname="Gowtham" failures="0" tests="4" name="Testonedge" time="0.376" errors="0" timestamp="2022-12-08T15:03:08 IST">
  <testcase classname="com.qa.testScripts.TestBase_03" name="@BeforeClass setUp" time="0.008">
    <failure type="java.lang.IllegalStateException" message="The driver executable does not exist: C:\Users\ELCOT\eclipse-workspace\Amazon\EdgeExe V-107\msedgedriver.exe">
      <![CDATA[java.lang.IllegalStateException: The driver executable does not exist: C:\Users\ELCOT\eclipse-workspace\Amazon\EdgeExe V-107\msedgedriver.exe
at com.google.common.base.Preconditions.checkState(Preconditions.java:585)
at org.openqa.selenium.remote.service.DriverService.checkExecutable(DriverService.java:146)
at org.openqa.selenium.remote.service.DriverService.findExecutable(DriverService.java:141)
at org.openqa.selenium.edge.EdgeDriverService.access$000(EdgeDriverService.java:37)
at org.openqa.selenium.edge.EdgeDriverService$Builder.findDefaultExecutable(EdgeDriverService.java:90)
at org.openqa.selenium.remote.service.DriverService$Builder.build(DriverService.java:355)
at org.openqa.selenium.edge.EdgeDriverService.createDefaultService(EdgeDriverService.java:70)
at org.openqa.selenium.edge.EdgeDriver.<init>(EdgeDriver.java:96)
at com.qa.testScripts.TestBase_03.setUp(TestBase_03.java:41)
at java.base/java.util.concurrent.ThreadPoolExecutor.runWorker(ThreadPoolExecutor.java:1136)
at java.base/java.util.concurrent.ThreadPoolExecutor$Worker.run(ThreadPoolExecutor.java:635)
at java.base/java.lang.Thread.run(Thread.java:833)
... Removed 10 stack frames]]>
    </failure>
  </testcase> <!-- @BeforeClass setUp -->
  <testcase classname="com.qa.testScripts.TestBase_03" name="@AfterClass tearDown" time="-1.670491988159E9">
    <skipped/>
  </testcase> <!-- @AfterClass tearDown -->
  <testcase classname="com.qa.testScripts.Tc_AmazonSearch_002" name="search" time="0.0">
    <skipped/>
  </testcase> <!-- search -->
  <testcase classname="com.qa.testScripts.Tc_AmazonSearch_002" name="search" time="0.0">
    <skipped/>
  </testcase> <!-- search -->
  <testcase classname="com.qa.testScripts.Tc_AmazonSearch_002" name="search" time="0.0">
    <skipped/>
  </testcase> <!-- search -->
  <testcase classname="com.qa.testScripts.Tc_AmazonSearch_002" name="search" time="0.0">
    <skipped/>
  </testcase> <!-- search -->
</testsuite> <!-- Testonedge -->
